<?xml version="1.0" encoding="UTF-8"?>
<!-- Generated by org.testng.reporters.JUnitXMLReporter -->
<testsuite ignored="4" hostname="LTIN272714" failures="0" tests="11" name="Test" time="117.109" errors="0" timestamp="2024-02-29T18:12:12 IST">
  <testcase classname="testCases.TC_001_WebDevelopment" name="navigatingToWebDevelopment" time="16.692"/>
  <testcase classname="testCases.TC_001_WebDevelopment" name="filterLanguage" time="2.567"/>
  <testcase classname="testCases.TC_001_WebDevelopment" name="filterLevel" time="0.713"/>
  <testcase classname="testCases.TC_001_WebDevelopment" name="courseOneDetails" time="13.373"/>
  <testcase classname="testCases.TC_001_WebDevelopment" name="courseTwoDetails" time="10.188"/>
  <testcase classname="testCases.TC_002_LanguageLearning" name="navigatingToLanguageLearning" time="5.684"/>
  <testcase classname="testCases.TC_002_LanguageLearning" name="prntTotalLang" time="6.6"/>
  <testcase classname="testCases.TC_002_LanguageLearning" name="prntTotalLevels" time="0.483"/>
  <testcase classname="testCases.TC_003_CourseForCampus" name="navigatingToForEnterprise" time="15.623"/>
  <testcase classname="testCases.TC_003_CourseForCampus" name="navigateToForCampus" time="7.836"/>
  <testcase classname="testCases.TC_003_CourseForCampus" name="submitForm" time="7.454"/>
  <testcase classname="testBase.BaseClass" name="@AfterTest tearDown" time="0.0">
    <ignored/>
  </testcase> <!-- @AfterTest tearDown -->
  <testcase classname="testBase.BaseClass" name="@AfterTest tearDown" time="0.0">
    <ignored/>
  </testcase> <!-- @AfterTest tearDown -->
  <testcase classname="testBase.BaseClass" name="@BeforeTest setup" time="0.0">
    <ignored/>
  </testcase> <!-- @BeforeTest setup -->
  <testcase classname="testBase.BaseClass" name="@BeforeTest setup" time="0.0">
    <ignored/>
  </testcase> <!-- @BeforeTest setup -->
</testsuite> <!-- Test -->
