<?xml version="1.0" encoding="UTF-8"?>
<!-- Generated by org.testng.reporters.JUnitXMLReporter -->
<testsuite ignored="4" hostname="LTIN272714" failures="0" tests="11" name="Test2" time="108.95" errors="0" timestamp="2024-02-29T18:14:11 IST">
  <testcase classname="testCases.TC_001_WebDevelopment" name="navigatingToWebDevelopment" time="6.911"/>
  <testcase classname="testCases.TC_001_WebDevelopment" name="filterLanguage" time="1.514"/>
  <testcase classname="testCases.TC_001_WebDevelopment" name="filterLevel" time="0.816"/>
  <testcase classname="testCases.TC_001_WebDevelopment" name="courseOneDetails" time="9.877"/>
  <testcase classname="testCases.TC_001_WebDevelopment" name="courseTwoDetails" time="8.201"/>
  <testcase classname="testCases.TC_002_LanguageLearning" name="navigatingToLanguageLearning" time="5.865"/>
  <testcase classname="testCases.TC_002_LanguageLearning" name="prntTotalLang" time="6.271"/>
  <testcase classname="testCases.TC_002_LanguageLearning" name="prntTotalLevels" time="0.987"/>
  <testcase classname="testCases.TC_003_CourseForCampus" name="navigatingToForEnterprise" time="20.091"/>
  <testcase classname="testCases.TC_003_CourseForCampus" name="navigateToForCampus" time="9.114"/>
  <testcase classname="testCases.TC_003_CourseForCampus" name="submitForm" time="5.954"/>
  <testcase classname="testBase.BaseClass" name="@AfterTest tearDown" time="0.0">
    <ignored/>
  </testcase> <!-- @AfterTest tearDown -->
  <testcase classname="testBase.BaseClass" name="@AfterTest tearDown" time="0.0">
    <ignored/>
  </testcase> <!-- @AfterTest tearDown -->
  <testcase classname="testBase.BaseClass" name="@BeforeTest setup" time="0.0">
    <ignored/>
  </testcase> <!-- @BeforeTest setup -->
  <testcase classname="testBase.BaseClass" name="@BeforeTest setup" time="0.0">
    <ignored/>
  </testcase> <!-- @BeforeTest setup -->
</testsuite> <!-- Test2 -->
